[01/05/18, 22:14:47:228] info: ╔══════════════════════════════════════════════════════════════════════════════════╗
[01/05/18, 22:14:47:229] info: ║      Slack 3.0.2, linux 4.14.10-1-hardened on x64 at 01/05/18, 22:14:47:225      ║
[01/05/18, 22:14:47:229] info: ╚══════════════════════════════════════════════════════════════════════════════════╝
[01/05/18, 22:14:47:449] info: Initializing local storage instance at path: /home/mnkhbmb/.config/Slack/local-settings.json
[01/05/18, 22:14:47:700] info: TraceRecorder: setting up trace recorder, trace will be stored under /home/mnkhbmb/.config/Slack/logs/recorded-trace
[01/05/18, 22:14:48:011] warn: BrowserStore: Couldn't access keychain, make note of it
[01/05/18, 22:14:48:020] info: Store: persist/REHYDRATE
[01/05/18, 22:14:48:021] info: initializeMainWindowEpic: Waiting for sign-in
[01/05/18, 22:14:48:021] info: NetworkStatus: Waiting for network online…
[01/05/18, 22:14:48:022] info: UpdaterEpics: Updates disabled because
{
  "reasons": [
    "using Linux"
  ]
}
[01/05/18, 22:14:48:052] error: Couldn't get Linux distro info
[01/05/18, 22:14:48:190] info: Tray Handler: Showing a tray balloon with title: Welcome to Slack!
[01/05/18, 22:14:48:195] info: Store: INITIALIZE_SETTINGS
{
  "releaseChannel": "prod",
  "platformVersion": {
    "major": 4,
    "minor": 14,
    "build": 10
  },
  "isTitleBarHidden": false,
  "isDevMode": false,
  "appVersion": "3.0.2",
  "versionName": "Around The World",
  "devEnv": null,
  "resourcePath": "/usr/lib/slack/resources/app.asar",
  "webappSrcPath": null,
  "webappParams": null,
  "launchOnStartup": false,
  "openDevToolsOnStart": false,
  "logFile": null,
  "pretendNotReallyWindows10": false,
  "isAeroGlassEnabled": false,
  "linux": {
    "os": "",
    "release": "",
    "desktopEnvironment": ""
  }
}
[01/05/18, 22:14:48:197] info: AutoLoginEpic: Checking for autologin.
[01/05/18, 22:14:48:197] info: AutoLoginEpic: Completed autologin processing — successfully logged in 0 workspaces.
[01/05/18, 22:14:48:198] info: Store: AUTOLOGIN_TEAMS_COMPLETE
[01/05/18, 22:14:48:198] info: signInNewTeamEpic: No teams signed in, showing sign-in window
[01/05/18, 22:14:48:207] info: SignInEpic: Loading URL in new window
{
  "signInUrl": "https://slack.com/signin"
}
[01/05/18, 22:14:48:218] info: Store: UPDATE_SETTINGS
{
  "hasRunApp": true
}
[01/05/18, 22:14:48:221] info: WebContentsMediator: Attaching to new webContents
[01/05/18, 22:14:48:223] info: Store: ADD_WINDOW
{
  "id": 2,
  "type": "main"
}
[01/05/18, 22:14:48:225] info: BrowserViewManager: Starting initialization
[01/05/18, 22:14:48:226] info: BrowserViewManager: Finished initialization
{
  "elapsed": 1
}
[01/05/18, 22:14:48:228] info: PersistSettingsWindowBehavior: Loading windowMetrics
{
  "settings": null
}
[01/05/18, 22:14:48:230] info: PersistSettingsWindowBehavior: Resetting to default window position
{
  "settings": {
    "position": [
      171,
      0
    ],
    "size": [
      1024,
      768
    ]
  }
}
[01/05/18, 22:14:48:230] info: Store: SAVE_WINDOW_SETTINGS
{
  "position": [
    171,
    0
  ],
  "size": [
    1024,
    768
  ]
}
[01/05/18, 22:14:48:248] info: Store: UPDATE_SETTINGS
{
  "PrefSSBFileDownloadPath": "/home/mnkhbmb/Downloads"
}
[01/05/18, 22:14:48:250] info: DownloadListener: Downloads directory set to /home/mnkhbmb/Downloads
[01/05/18, 22:14:48:251] info: Application: Setting main window ID
{
  "id": 2
}
[01/05/18, 22:14:48:253] info: App: Welcome to Slack 3.0.2 x64
[01/05/18, 22:14:48:253] info: App load time: 1207ms
[01/05/18, 22:14:48:393] info: Store: SET_FULL_SCREEN
[01/05/18, 22:14:48:592] info: NetworkStatus: Response from api.test
{
  "status": "online"
}
[01/05/18, 22:14:48:592] info: Store: SET_NETWORK_STATUS online
[01/05/18, 22:15:57:945] info: SignInEpic: Sign-in window closed
[01/05/18, 22:15:57:946] info: maybeQuitAppAction
{
  "canceledSignIn": true,
  "hasNoTeams": true
}
[01/05/18, 22:15:57:946] info: SignInEpic: End of the road
{
  "action": "QUIT_APP"
}
[01/05/18, 22:15:57:946] info: Store: QUIT_APP
[01/05/18, 22:15:58:103] info: Allowing window close because user chose to quit
[01/05/18, 22:15:58:104] info: App: Disposing application
[01/05/18, 22:15:58:105] info: Store: REMOVE_WINDOW 2
[01/05/18, 22:15:58:115] info: Store: QUIT_APP
[01/05/18, 22:16:00:109] info: ╔══════════════════════════════════════════════════════════════════════════════════╗
[01/05/18, 22:16:00:110] info: ║      Slack 3.0.2, linux 4.14.10-1-hardened on x64 at 01/05/18, 22:16:00:107      ║
[01/05/18, 22:16:00:110] info: ╚══════════════════════════════════════════════════════════════════════════════════╝
[01/05/18, 22:16:00:309] info: Initializing local storage instance at path: /home/mnkhbmb/.config/Slack/local-settings.json
[01/05/18, 22:16:00:539] info: TraceRecorder: setting up trace recorder, trace will be stored under /home/mnkhbmb/.config/Slack/logs/recorded-trace
[01/05/18, 22:16:00:791] info: BrowserStore: Keychain access previously denied, don't ask again
[01/05/18, 22:16:00:801] info: Store: persist/REHYDRATE
{
  "appTeams": {
    "selectedTeamId": null,
    "teamsByIndex": [],
    "teamsToSignOut": []
  },
  "dialog": "[REDACTED]",
  "downloads": "[REDACTED]",
  "settings": {
    "appVersion": "3.0.2",
    "versionName": "Around The World",
    "platform": "linux",
    "platformVersion": {
      "major": 4,
      "minor": 14,
      "build": 10
    },
    "isWin10": false,
    "isBeforeWin10": false,
    "resourcePath": "/usr/lib/slack/resources/app.asar",
    "webappSrcPath": null,
    "webappParams": null,
    "isDevMode": false,
    "devEnv": null,
    "logFile": null,
    "openDevToolsOnStart": false,
    "pretendNotReallyWindows10": false,
    "releaseChannel": "prod",
    "autoHideMenuBar": false,
    "isTitleBarHidden": false,
    "hasRunApp": true,
    "hasRunFromTray": false,
    "reportIssueOnStartup": false,
    "runFromTray": true,
    "launchOnStartup": false,
    "spellcheckerLanguage": null,
    "zoomLevel": 0,
    "workspaceIdleTimeout": 21600000,
    "whitelistedUrlSchemes": [
      "http:",
      "https:",
      "mailto:",
      "skype:",
      "spotify:",
      "live:",
      "callto:",
      "tel:",
      "im:",
      "sip:",
      "sips:",
      "slack:"
    ],
    "isTitleBarForcedByUser": false,
    "PrefSSBFileDownloadPath": "/home/mnkhbmb/Downloads",
    "notificationMethod": null,
    "notificationPlayback": null,
    "notifyPosition": {
      "corner": "bottom_right",
      "display": "same_as_app"
    },
    "locale": "en-US",
    "useHwAcceleration": true,
    "os": false,
    "release": false,
    "desktopEnvironment": false,
    "isAeroGlassEnabled": false,
    "linux": {
      "os": "",
      "release": "",
      "desktopEnvironment": ""
    }
  },
  "teams": "[REDACTED]",
  "unreads": {},
  "windowFrame": {
    "windowSettings": {
      "position": [
        171,
        0
      ],
      "size": [
        1024,
        768
      ]
    },
    "isFullScreen": false
  }
}
[01/05/18, 22:16:00:803] info: initializeMainWindowEpic: Waiting for sign-in
[01/05/18, 22:16:00:803] info: NetworkStatus: Waiting for network online…
[01/05/18, 22:16:00:804] info: UpdaterEpics: Updates disabled because
{
  "reasons": [
    "using Linux"
  ]
}
[01/05/18, 22:16:00:833] error: Couldn't get Linux distro info
[01/05/18, 22:16:00:927] info: Store: INITIALIZE_SETTINGS
{
  "releaseChannel": "prod",
  "platformVersion": {
    "major": 4,
    "minor": 14,
    "build": 10
  },
  "isTitleBarHidden": false,
  "isDevMode": false,
  "appVersion": "3.0.2",
  "versionName": "Around The World",
  "devEnv": null,
  "resourcePath": "/usr/lib/slack/resources/app.asar",
  "webappSrcPath": null,
  "webappParams": null,
  "launchOnStartup": false,
  "openDevToolsOnStart": false,
  "logFile": null,
  "pretendNotReallyWindows10": false,
  "isAeroGlassEnabled": false,
  "linux": {
    "os": "",
    "release": "",
    "desktopEnvironment": ""
  }
}
[01/05/18, 22:16:00:928] info: AutoLoginEpic: Checking for autologin.
[01/05/18, 22:16:00:929] info: AutoLoginEpic: Completed autologin processing — successfully logged in 0 workspaces.
[01/05/18, 22:16:00:929] info: Store: AUTOLOGIN_TEAMS_COMPLETE
[01/05/18, 22:16:00:929] info: signInNewTeamEpic: No teams signed in, showing sign-in window
[01/05/18, 22:16:00:940] info: SignInEpic: Loading URL in new window
{
  "signInUrl": "https://slack.com/signin"
}
[01/05/18, 22:16:00:947] info: WebContentsMediator: Attaching to new webContents
[01/05/18, 22:16:00:949] info: Store: ADD_WINDOW
{
  "id": 2,
  "type": "main"
}
[01/05/18, 22:16:00:952] info: BrowserViewManager: Starting initialization
[01/05/18, 22:16:00:953] info: BrowserViewManager: Finished initialization
{
  "elapsed": 1
}
[01/05/18, 22:16:00:955] info: PersistSettingsWindowBehavior: Loading windowMetrics
{
  "settings": {
    "position": [
      171,
      0
    ],
    "size": [
      1024,
      768
    ]
  }
}
[01/05/18, 22:16:00:970] info: Application: Setting main window ID
{
  "id": 2
}
[01/05/18, 22:16:00:973] info: App: Welcome to Slack 3.0.2 x64
[01/05/18, 22:16:00:973] info: App load time: 1037ms
[01/05/18, 22:16:01:091] info: Store: SET_FULL_SCREEN
[01/05/18, 22:16:01:473] info: NetworkStatus: Response from api.test
{
  "status": "online"
}
[01/05/18, 22:16:01:474] info: Store: SET_NETWORK_STATUS online
[01/05/18, 22:20:18:879] info: Store: FOREGROUND_APP
[01/05/18, 22:20:21:582] info: Store: FOREGROUND_APP
[01/05/18, 22:20:21:973] info: Store: FOREGROUND_APP
[01/05/18, 22:20:23:465] info: Store: SHOW_WEBAPP_DIALOG
{
  "dialogType": "prefs"
}
[01/05/18, 22:20:23:471] error: executeJavaScript: Invalid arguments!
{
  "id": null,
  "code": "TSSSB.openDialog(\"prefs\")"
}
[01/05/18, 23:55:00:151] info: SignInEpic: Sign-in window closed
[01/05/18, 23:55:00:152] info: maybeQuitAppAction
{
  "canceledSignIn": true,
  "hasNoTeams": true
}
[01/05/18, 23:55:00:152] info: SignInEpic: End of the road
{
  "action": "QUIT_APP"
}
[01/05/18, 23:55:00:152] info: Store: QUIT_APP
[01/05/18, 23:55:00:343] info: Allowing window close because user chose to quit
[01/05/18, 23:55:00:345] info: App: Disposing application
[01/05/18, 23:55:00:345] info: Store: REMOVE_WINDOW 2
[01/05/18, 23:55:00:358] info: Store: QUIT_APP
[01/11/18, 12:57:27:463] info: ╔════════════════════════════════════════════════════════════════════════════╗
[01/11/18, 12:57:27:464] info: ║      Slack 3.0.2, linux 4.9.75-1-lts on x64 at 01/11/18, 12:57:27:460      ║
[01/11/18, 12:57:27:464] info: ╚════════════════════════════════════════════════════════════════════════════╝
[01/11/18, 12:57:27:763] info: Initializing local storage instance at path: /home/mnkhbmb/.config/Slack/local-settings.json
[01/11/18, 12:57:28:116] info: TraceRecorder: setting up trace recorder, trace will be stored under /home/mnkhbmb/.config/Slack/logs/recorded-trace
[01/11/18, 12:57:28:638] info: BrowserStore: Keychain access previously denied, don't ask again
[01/11/18, 12:57:28:655] info: Store: persist/REHYDRATE
{
  "appTeams": {
    "selectedTeamId": null,
    "teamsByIndex": [],
    "teamsToSignOut": []
  },
  "dialog": "[REDACTED]",
  "downloads": "[REDACTED]",
  "settings": {
    "appVersion": "3.0.2",
    "versionName": "Around The World",
    "platform": "linux",
    "platformVersion": {
      "major": 4,
      "minor": 14,
      "build": 10
    },
    "isWin10": false,
    "isBeforeWin10": false,
    "resourcePath": "/usr/lib/slack/resources/app.asar",
    "webappSrcPath": null,
    "webappParams": null,
    "isDevMode": false,
    "devEnv": null,
    "logFile": null,
    "openDevToolsOnStart": false,
    "pretendNotReallyWindows10": false,
    "releaseChannel": "prod",
    "autoHideMenuBar": false,
    "isTitleBarHidden": false,
    "hasRunApp": true,
    "hasRunFromTray": false,
    "reportIssueOnStartup": false,
    "runFromTray": true,
    "launchOnStartup": false,
    "spellcheckerLanguage": null,
    "zoomLevel": 0,
    "workspaceIdleTimeout": 21600000,
    "whitelistedUrlSchemes": [
      "http:",
      "https:",
      "mailto:",
      "skype:",
      "spotify:",
      "live:",
      "callto:",
      "tel:",
      "im:",
      "sip:",
      "sips:",
      "slack:"
    ],
    "isTitleBarForcedByUser": false,
    "PrefSSBFileDownloadPath": "/home/mnkhbmb/Downloads",
    "notificationMethod": null,
    "notificationPlayback": null,
    "notifyPosition": {
      "corner": "bottom_right",
      "display": "same_as_app"
    },
    "locale": "en-US",
    "useHwAcceleration": true,
    "os": false,
    "release": false,
    "desktopEnvironment": false,
    "isAeroGlassEnabled": false,
    "linux": {
      "os": "",
      "release": "",
      "desktopEnvironment": ""
    }
  },
  "teams": "[REDACTED]",
  "unreads": {},
  "windowFrame": {
    "windowSettings": {
      "position": [
        171,
        0
      ],
      "size": [
        1024,
        768
      ]
    },
    "isFullScreen": false
  }
}
[01/11/18, 12:57:28:658] info: initializeMainWindowEpic: Waiting for sign-in
[01/11/18, 12:57:28:658] info: NetworkStatus: Waiting for network online…
[01/11/18, 12:57:28:661] info: UpdaterEpics: Updates disabled because
{
  "reasons": [
    "using Linux"
  ]
}
[01/11/18, 12:57:28:710] error: Couldn't get Linux distro info
[01/11/18, 12:57:29:021] info: Store: INITIALIZE_SETTINGS
{
  "releaseChannel": "prod",
  "platformVersion": {
    "major": 4,
    "minor": 9,
    "build": 75
  },
  "isTitleBarHidden": false,
  "isDevMode": false,
  "appVersion": "3.0.2",
  "versionName": "Around The World",
  "devEnv": null,
  "resourcePath": "/usr/lib/slack/resources/app.asar",
  "webappSrcPath": null,
  "webappParams": null,
  "launchOnStartup": false,
  "openDevToolsOnStart": false,
  "logFile": null,
  "pretendNotReallyWindows10": false,
  "isAeroGlassEnabled": false,
  "linux": {
    "os": "",
    "release": "",
    "desktopEnvironment": ""
  }
}
[01/11/18, 12:57:29:023] info: AutoLoginEpic: Checking for autologin.
[01/11/18, 12:57:29:024] info: AutoLoginEpic: Completed autologin processing — successfully logged in 0 workspaces.
[01/11/18, 12:57:29:025] info: Store: AUTOLOGIN_TEAMS_COMPLETE
[01/11/18, 12:57:29:026] info: signInNewTeamEpic: No teams signed in, showing sign-in window
[01/11/18, 12:57:29:039] info: SignInEpic: Loading URL in new window
{
  "signInUrl": "https://slack.com/signin"
}
[01/11/18, 12:57:29:052] info: WebContentsMediator: Attaching to new webContents
[01/11/18, 12:57:29:057] info: Store: ADD_WINDOW
{
  "id": 2,
  "type": "main"
}
[01/11/18, 12:57:29:063] info: BrowserViewManager: Starting initialization
[01/11/18, 12:57:29:064] info: BrowserViewManager: Finished initialization
{
  "elapsed": 1
}
[01/11/18, 12:57:29:072] info: PersistSettingsWindowBehavior: Loading windowMetrics
{
  "settings": {
    "position": [
      171,
      0
    ],
    "size": [
      1024,
      768
    ]
  }
}
[01/11/18, 12:57:29:108] info: Application: Setting main window ID
{
  "id": 2
}
[01/11/18, 12:57:29:112] info: App: Welcome to Slack 3.0.2 x64
[01/11/18, 12:57:29:112] info: App load time: 1840ms
[01/11/18, 12:57:29:250] info: Store: SET_FULL_SCREEN
[01/11/18, 12:57:30:380] info: NetworkStatus: Response from api.test
{
  "status": "online"
}
[01/11/18, 12:57:30:380] info: Store: SET_NETWORK_STATUS online
[01/11/18, 12:58:48:142] info: Store: FOREGROUND_APP
[01/11/18, 12:59:24:276] info: SignInEpic: Received team(s) from the webapp
[01/11/18, 12:59:24:276] info: SignInEpic: Got signal!
[01/11/18, 12:59:24:276] info: SignInEpic: Sign-in window closed
[01/11/18, 12:59:24:280] info: maybeQuitAppAction
{
  "canceledSignIn": false,
  "hasNoTeams": true
}
[01/11/18, 12:59:24:280] info: SignInEpic: End of the road
{
  "action": "ADD_NEW_TEAM"
}
[01/11/18, 12:59:24:281] info: Store: ADD_NEW_TEAM
{
  "id": "U8NPQSE2Z",
  "name": "[REDACTED]",
  "team_id": "T8MVCNGTA",
  "team_name": "[REDACTED]",
  "team_url": "[REDACTED]"
}
[01/11/18, 12:59:24:288] info: BrowserViewManager: Creating views for 1 new teams
[01/11/18, 12:59:24:289] info: BrowserViewManager: Activating BrowserView
{
  "teamId": "T8MVCNGTA"
}
[01/11/18, 12:59:24:289] info: BrowserViewManager: Creating BrowserView
{
  "teamId": "T8MVCNGTA"
}
[01/11/18, 12:59:24:291] info: WebContentsMediator: Attaching to new webContents
[01/11/18, 12:59:24:296] info: BrowserViewManager: 
+-----------+------+-----+
|           | Full | Min |
|-----------+------+-----+
| T8MVCNGTA | ✔    |     |
+-----------+------+-----+
[01/11/18, 12:59:24:298] info: Store: UPSERT_WEB_CONTENTS
{
  "id": 3,
  "teamId": "T8MVCNGTA",
  "state": "unloaded"
}
[01/11/18, 12:59:24:316] info: BrowserViewManager: Activating BrowserView
{
  "teamId": "T8MVCNGTA"
}
[01/11/18, 12:59:24:321] info: Store: FOREGROUND_APP
[01/11/18, 12:59:24:322] info: initializeMainWindowEpic: Showing main window
{
  "shouldMinimize": false,
  "shouldHide": false
}
[01/11/18, 12:59:24:324] info: Store: MAIN_WINDOW_SHOWN
[01/11/18, 12:59:25:330] info: Store: SAVE_WINDOW_SETTINGS
{
  "size": [
    661,
    716
  ],
  "position": [
    689,
    36
  ],
  "isMaximized": false
}
[01/11/18, 12:59:42:915] info: Store: SAVE_WINDOW_SETTINGS
{
  "size": [
    1366,
    748
  ],
  "position": [
    0,
    20
  ],
  "isMaximized": false
}
[01/11/18, 12:59:47:262] info: WebContents LifeCycle: webContents:3 from 'unloaded' to 'loaded' took 22951 ms
[01/11/18, 12:59:47:262] info: Store: UPSERT_WEB_CONTENTS
{
  "id": 3,
  "state": "loaded",
  "teamId": "T8MVCNGTA"
}
[01/11/18, 12:59:47:709] info: Store: UPDATE_SESSION_STATUS
{
  "hasValidSession": true,
  "teamId": "T8MVCNGTA"
}
[01/11/18, 12:59:49:278] info: Store: SELECT_CHANNEL C8MVCNMPA
[01/11/18, 12:59:49:286] info: Store: UPDATE_TEAM_LOCALE
{
  "locale": "en-US",
  "teamId": "T8MVCNGTA"
}
[01/11/18, 12:59:49:289] info: Store: UPDATE_SETTINGS
{
  "locale": "en-US"
}
[01/11/18, 12:59:49:385] info: Store: UPDATE_TEAM_THEME
{
  "teamId": "T8MVCNGTA",
  "theme": {
    "active_item": "#4C9689",
    "active_item_text": "#FFFFFF",
    "active_presence": "#38978D",
    "badge": "#EB4D5C",
    "column_bg": "#4D394B",
    "hover_item": "#3E313C",
    "menu_bg": "#3E313C",
    "text_color": "#FFFFFF"
  }
}
[01/11/18, 12:59:50:758] info: Store: UPDATE_TEAM_ICONS
{
  "icons": false,
  "teamId": "T8MVCNGTA"
}
[01/11/18, 12:59:50:859] info: Store: UPDATE_TEAM_LOCALE
{
  "locale": "en-US",
  "teamId": "T8MVCNGTA"
}
[01/11/18, 12:59:50:908] info: WebContents LifeCycle: webContents:3 from 'loaded' to 'webapp-loaded' took 3646 ms
[01/11/18, 12:59:50:909] info: Store: UPSERT_WEB_CONTENTS
{
  "id": 3,
  "state": "webapp-loaded",
  "teamId": "T8MVCNGTA"
}
[01/11/18, 12:59:51:001] info: Store: STORE_API_TOKEN
{
  "token": "xoxs-⋯",
  "teamId": "T8MVCNGTA"
}
[01/11/18, 12:59:51:133] info: WebContentsMediator: Attaching to new webContents
[01/11/18, 13:01:43:353] info: Store: SAVE_WINDOW_SETTINGS
{
  "size": [
    1366,
    768
  ],
  "position": [
    0,
    0
  ],
  "isMaximized": false
}
[01/11/18, 13:29:41:040] info: Store: SAVE_WINDOW_SETTINGS
{
  "size": [
    1366,
    748
  ],
  "position": [
    0,
    20
  ],
  "isMaximized": false
}
[01/11/18, 13:30:07:598] info: Store: SAVE_WINDOW_SETTINGS
{
  "size": [
    1366,
    768
  ],
  "position": [
    0,
    0
  ],
  "isMaximized": false
}
[01/11/18, 13:30:12:730] info: Store: SAVE_WINDOW_SETTINGS
{
  "size": [
    1366,
    748
  ],
  "position": [
    0,
    20
  ],
  "isMaximized": false
}
