[01/15/18, 21:38:53:839] info: ╔════════════════════════════════════════════════════════════════════════════╗
[01/15/18, 21:38:53:840] info: ║      Slack 3.0.2, linux 4.9.75-1-lts on x64 at 01/15/18, 21:38:53:836      ║
[01/15/18, 21:38:53:840] info: ╚════════════════════════════════════════════════════════════════════════════╝
[01/15/18, 21:38:54:268] info: Initializing local storage instance at path: /home/mnkhbmb/.config/Slack/local-settings.json
[01/15/18, 21:39:01:586] info: Store: UPSERT_WEB_CONTENTS
{
  "id": 3,
  "state": "loaded",
  "teamId": "T8MVCNGTA"
}
[01/15/18, 21:39:01:607] info: Store: MAIN_WINDOW_SHOWN
[01/15/18, 21:39:02:048] info: Store: UPDATE_SESSION_STATUS
{
  "hasValidSession": true,
  "teamId": "T8MVCNGTA"
}
[01/15/18, 21:39:02:201] info: Store: SELECT_CHANNEL D8NH9B5BM
[01/15/18, 21:39:02:203] info: Store: UPDATE_TEAM_LOCALE
{
  "locale": "en-US"
}
[01/15/18, 21:39:02:205] info: Store: UPDATE_SETTINGS
{
  "locale": "en-US"
}
[01/15/18, 21:39:02:623] info: Store: SAVE_WINDOW_SETTINGS
{
  "isMaximized": false,
  "position": [
    0,
    20
  ],
  "size": [
    1366,
    748
  ]
}
[01/15/18, 21:39:03:166] info: Store: UPDATE_TEAM_THEME
{
  "teamId": "T8MVCNGTA",
  "theme": {
    "active_item": "#4C9689",
    "active_item_text": "#FFFFFF",
    "active_presence": "#38978D",
    "badge": "#EB4D5C",
    "column_bg": "#4D394B",
    "hover_item": "#3E313C",
    "menu_bg": "#3E313C",
    "text_color": "#FFFFFF"
  }
}
[01/15/18, 21:39:03:467] info: Store: UPDATE_TEAM_ICONS
{
  "icons": false,
  "teamId": "T8MVCNGTA"
}
[01/15/18, 21:39:03:627] info: Store: UPDATE_TEAM_LOCALE
{
  "locale": "en-US",
  "teamId": "T8MVCNGTA"
}
[01/15/18, 21:39:03:630] info: Store: UPSERT_WEB_CONTENTS
{
  "id": 3,
  "state": "webapp-loaded",
  "teamId": "T8MVCNGTA"
}
[01/15/18, 21:39:03:841] info: Store: STORE_API_TOKEN
{
  "teamId": "T8MVCNGTA",
  "token": "xoxs-⋯"
}
[01/15/18, 21:45:02:382] info: Store: NEW_NOTIFICATION
{
  "avatarImage": null,
  "channel": "D8NH9B5BM",
  "content": "[REDACTED]",
  "id": "A2Ac9hYWAV6LyP",
  "imageUri": null,
  "launchUri": "slack://channel?id=D8NH9B5BM&message=1516023900.000479&team=T8MVCNGTA",
  "msg": "1516023900.000479",
  "silent": true,
  "subtitle": "",
  "teamId": "T8MVCNGTA",
  "title": "[REDACTED]"
}
[01/15/18, 22:04:35:516] info: Store: FOREGROUND_APP
[01/15/18, 22:04:36:051] info: Store: FOREGROUND_APP
[01/15/18, 22:04:36:531] info: Store: FOREGROUND_APP
