[01/18/18, 22:47:44:391] info: ╔════════════════════════════════════════════════════════════════════════════╗
[01/18/18, 22:47:44:392] info: ║      Slack 3.0.2, linux 4.9.76-1-lts on x64 at 01/18/18, 22:47:44:387      ║
[01/18/18, 22:47:44:392] info: ╚════════════════════════════════════════════════════════════════════════════╝
[01/18/18, 22:47:45:070] info: Initializing local storage instance at path: /home/mnkhbmb/.config/Slack/local-settings.json
[01/18/18, 22:47:52:037] info: Store: UPSERT_WEB_CONTENTS
{
  "id": 3,
  "state": "loaded",
  "teamId": "T8MVCNGTA"
}
[01/18/18, 22:47:52:059] info: Store: MAIN_WINDOW_SHOWN
[01/18/18, 22:47:52:558] info: Store: UPDATE_SESSION_STATUS
{
  "hasValidSession": true,
  "teamId": "T8MVCNGTA"
}
[01/18/18, 22:47:52:867] info: Store: SELECT_CHANNEL D8NH9B5BM
[01/18/18, 22:47:52:871] info: Store: UPDATE_TEAM_LOCALE
{
  "locale": "en-US",
  "teamId": "T8MVCNGTA"
}
[01/18/18, 22:47:52:873] info: Store: UPDATE_SETTINGS
{
  "locale": "en-US"
}
[01/18/18, 22:47:52:963] info: Store: UPDATE_TEAM_THEME
{
  "teamId": "T8MVCNGTA",
  "theme": {
    "active_item": "#4C9689",
    "active_item_text": "#FFFFFF",
    "active_presence": "#38978D",
    "badge": "#EB4D5C",
    "column_bg": "#4D394B",
    "hover_item": "#3E313C",
    "menu_bg": "#3E313C",
    "text_color": "#FFFFFF"
  }
}
[01/18/18, 22:47:53:214] info: Store: SAVE_WINDOW_SETTINGS
{
  "isMaximized": false,
  "position": [
    689,
    36
  ],
  "size": [
    661,
    716
  ]
}
[01/18/18, 22:47:54:917] info: Store: UPDATE_TEAM_ICONS
{
  "icons": false,
  "teamId": "T8MVCNGTA"
}
[01/18/18, 22:47:54:988] info: Store: UPDATE_TEAM_LOCALE
{
  "locale": "en-US",
  "teamId": "T8MVCNGTA"
}
[01/18/18, 22:47:54:991] info: Store: UPSERT_WEB_CONTENTS
{
  "id": 3,
  "state": "webapp-loaded",
  "teamId": "T8MVCNGTA"
}
[01/18/18, 22:47:55:123] info: Store: STORE_API_TOKEN
{
  "teamId": "T8MVCNGTA",
  "token": "xoxs-⋯"
}
[01/18/18, 22:47:55:683] info: Store: SAVE_WINDOW_SETTINGS
{
  "isMaximized": false,
  "position": [
    16,
    36
  ],
  "size": [
    661,
    716
  ]
}
[01/18/18, 22:47:57:412] info: Store: SAVE_WINDOW_SETTINGS
{
  "isMaximized": false,
  "position": [
    0,
    20
  ],
  "size": [
    1366,
    748
  ]
}
[01/18/18, 23:03:32:588] info: Store: FOREGROUND_APP
