[01/20/18, 12:18:03:010] info: ╔════════════════════════════════════════════════════════════════════════════╗
[01/20/18, 12:18:03:012] info: ║      Slack 3.0.2, linux 4.9.76-1-lts on x64 at 01/20/18, 12:18:03:005      ║
[01/20/18, 12:18:03:012] info: ╚════════════════════════════════════════════════════════════════════════════╝
[01/20/18, 12:18:03:428] info: Initializing local storage instance at path: /home/mnkhbmb/.config/Slack/local-settings.json
[01/20/18, 12:18:10:036] info: Store: UPSERT_WEB_CONTENTS
{
  "id": 3,
  "state": "loaded",
  "teamId": "T8MVCNGTA"
}
[01/20/18, 12:18:10:147] info: Store: MAIN_WINDOW_SHOWN
[01/20/18, 12:18:10:598] info: Store: UPDATE_SESSION_STATUS
{
  "hasValidSession": true,
  "teamId": "T8MVCNGTA"
}
[01/20/18, 12:18:11:091] info: Store: SAVE_WINDOW_SETTINGS
{
  "isMaximized": false,
  "position": [
    689,
    36
  ],
  "size": [
    661,
    716
  ]
}
[01/20/18, 12:18:11:509] info: Store: SELECT_CHANNEL D8NH9B5BM
[01/20/18, 12:18:11:515] info: Store: UPDATE_TEAM_LOCALE
{
  "locale": "en-US",
  "teamId": "T8MVCNGTA"
}
[01/20/18, 12:18:11:516] info: Store: UPDATE_SETTINGS
{
  "locale": "en-US"
}
[01/20/18, 12:18:11:566] info: Store: UPDATE_TEAM_THEME
{
  "teamId": "T8MVCNGTA",
  "theme": {
    "active_item": "#4C9689",
    "active_item_text": "#FFFFFF",
    "active_presence": "#38978D",
    "badge": "#EB4D5C",
    "column_bg": "#4D394B",
    "hover_item": "#3E313C",
    "menu_bg": "#3E313C",
    "text_color": "#FFFFFF"
  }
}
[01/20/18, 12:18:12:389] info: Store: UPDATE_TEAM_ICONS
{
  "icons": false,
  "teamId": "T8MVCNGTA"
}
[01/20/18, 12:18:12:518] info: Store: UPDATE_TEAM_LOCALE
{
  "locale": "en-US",
  "teamId": "T8MVCNGTA"
}
[01/20/18, 12:18:12:565] info: Store: UPSERT_WEB_CONTENTS
{
  "id": 3,
  "state": "webapp-loaded",
  "teamId": "T8MVCNGTA"
}
[01/20/18, 12:18:12:698] info: Store: STORE_API_TOKEN
{
  "teamId": "T8MVCNGTA",
  "token": "xoxs-⋯"
}
