[01/20/18, 12:18:05:307] info: ╔════════════════════════════════════════════════════════════════════════════╗
[01/20/18, 12:18:05:309] info: ║      Slack 3.0.2, linux 4.9.76-1-lts on x64 at 01/20/18, 12:18:05:298      ║
[01/20/18, 12:18:05:309] info: ╚════════════════════════════════════════════════════════════════════════════╝
[01/20/18, 12:18:05:568] info: Initializing local storage instance at path: /home/mnkhbmb/.config/Slack/local-settings.json
[01/20/18, 12:18:06:095] error: Calls failed to load, bailing
[01/20/18, 12:18:06:104] info: updateSuspendResume: true
[01/20/18, 12:18:06:105] warn: updateSpellcheckerLanguage: Tried to update language, but spellchecker not initialized
[01/20/18, 12:18:10:038] info: Store: UPSERT_WEB_CONTENTS
{
  "id": 3,
  "state": "loaded",
  "teamId": "T8MVCNGTA"
}
[01/20/18, 12:18:10:051] info: Store: MAIN_WINDOW_SHOWN
[01/20/18, 12:18:12:234] info: Store: UPDATE_SESSION_STATUS
{
  "hasValidSession": true,
  "teamId": "T8MVCNGTA"
}
[01/20/18, 12:18:12:256] info: Store: SAVE_WINDOW_SETTINGS
{
  "isMaximized": false,
  "position": [
    689,
    36
  ],
  "size": [
    661,
    716
  ]
}
[01/20/18, 12:18:12:259] info: Store: SELECT_CHANNEL D8NH9B5BM
[01/20/18, 12:18:12:259] info: Store: UPDATE_TEAM_LOCALE
{
  "locale": "en-US",
  "teamId": "T8MVCNGTA"
}
[01/20/18, 12:18:12:260] info: Store: UPDATE_SETTINGS
{
  "locale": "en-US"
}
[01/20/18, 12:18:12:261] info: Store: UPDATE_TEAM_THEME
{
  "teamId": "T8MVCNGTA",
  "theme": {
    "active_item": "#4C9689",
    "active_item_text": "#FFFFFF",
    "active_presence": "#38978D",
    "badge": "#EB4D5C",
    "column_bg": "#4D394B",
    "hover_item": "#3E313C",
    "menu_bg": "#3E313C",
    "text_color": "#FFFFFF"
  }
}
[01/20/18, 12:18:12:681] info: Store: UPDATE_TEAM_ICONS
{
  "icons": false,
  "teamId": "T8MVCNGTA"
}
[01/20/18, 12:18:12:682] info: Store: UPDATE_TEAM_LOCALE
{
  "locale": "en-US",
  "teamId": "T8MVCNGTA"
}
[01/20/18, 12:18:12:683] info: Store: UPSERT_WEB_CONTENTS
{
  "id": 3,
  "state": "webapp-loaded",
  "teamId": "T8MVCNGTA"
}
[01/20/18, 12:18:12:764] info: Store: STORE_API_TOKEN
{
  "teamId": "T8MVCNGTA",
  "token": "xoxs-⋯"
}
[01/20/18, 12:18:13:224] info: Raw Locale list: ["C","en_US.utf8","POSIX",""]
[01/20/18, 12:18:13:224] info: Filtered Locale list: ["en_US"]
[01/20/18, 12:18:13:225] info: Counts: {"en":["en_US"]}
[01/20/18, 12:18:13:225] info: Setting en
[01/20/18, 12:18:13:226] info: Result: {"en":"en-US"}
[01/20/18, 12:18:13:228] info: Requesting to load en-US, alternatives are ["en-US","en-US","en-US"]
[01/20/18, 12:18:13:230] info: Loading dictionary for language en-US
[01/20/18, 12:18:13:230] info: Returning local copy: /home/mnkhbmb/.config/Slack/dictionaries/en-US.bdic
[01/20/18, 12:18:13:234] info: Setting current spellchecker to en-US, requested language was en-US
[01/20/18, 12:18:13:234] info: Creating node-spellchecker instance
[01/20/18, 12:18:13:236] info: Actually installing spell check provider to Electron
