[01/12/18, 10:41:09:841] info: ╔════════════════════════════════════════════════════════════════════════════╗
[01/12/18, 10:41:09:842] info: ║      Slack 3.0.2, linux 4.9.75-1-lts on x64 at 01/12/18, 10:41:09:838      ║
[01/12/18, 10:41:09:842] info: ╚════════════════════════════════════════════════════════════════════════════╝
[01/12/18, 10:41:09:954] info: Initializing local storage instance at path: /home/mnkhbmb/.config/Slack/local-settings.json
[01/12/18, 10:41:11:128] error: Calls failed to load, bailing
[01/12/18, 10:41:11:132] info: updateSuspendResume: true
[01/12/18, 10:41:11:133] warn: updateSpellcheckerLanguage: Tried to update language, but spellchecker not initialized
[01/12/18, 10:41:16:292] info: Store: UPSERT_WEB_CONTENTS
{
  "id": 3,
  "state": "loaded",
  "teamId": "T8MVCNGTA"
}
[01/12/18, 10:41:16:299] info: Store: MAIN_WINDOW_SHOWN
[01/12/18, 10:41:18:296] info: Store: SELECT_CHANNEL C8MVCNMPA
[01/12/18, 10:41:18:297] info: Store: UPDATE_TEAM_LOCALE
{
  "locale": "en-US",
  "teamId": "T8MVCNGTA"
}
[01/12/18, 10:41:18:297] info: Store: UPDATE_SETTINGS
{
  "locale": "en-US"
}
[01/12/18, 10:41:18:298] info: Store: UPDATE_TEAM_THEME
{
  "teamId": "T8MVCNGTA",
  "theme": {
    "active_item": "#4C9689",
    "active_item_text": "#FFFFFF",
    "active_presence": "#38978D",
    "badge": "#EB4D5C",
    "column_bg": "#4D394B",
    "hover_item": "#3E313C",
    "menu_bg": "#3E313C",
    "text_color": "#FFFFFF"
  }
}
[01/12/18, 10:41:18:299] info: Store: SAVE_WINDOW_SETTINGS
{
  "isMaximized": false,
  "position": [
    689,
    36
  ],
  "size": [
    661,
    716
  ]
}
[01/12/18, 10:41:18:299] info: Store: UPDATE_SESSION_STATUS
{
  "hasValidSession": true,
  "teamId": "T8MVCNGTA"
}
[01/12/18, 10:41:18:897] info: Store: UPDATE_TEAM_ICONS
{
  "icons": false,
  "teamId": "T8MVCNGTA"
}
[01/12/18, 10:41:18:898] info: Store: UPDATE_TEAM_LOCALE
{
  "locale": "en-US",
  "teamId": "T8MVCNGTA"
}
[01/12/18, 10:41:18:899] info: Store: UPSERT_WEB_CONTENTS
{
  "id": 3,
  "state": "webapp-loaded",
  "teamId": "T8MVCNGTA"
}
[01/12/18, 10:41:18:975] info: Store: STORE_API_TOKEN
{
  "teamId": "T8MVCNGTA",
  "token": "xoxs-⋯"
}
[01/12/18, 10:41:19:862] info: Couldn't detect language for text of length '785': Failed to identify language, ignoring sample
[01/12/18, 10:41:24:211] info: Store: SELECT_CHANNEL D8NH9B5BM
[01/12/18, 10:41:30:191] info: Couldn't get hint text from messages in channel: Failed to fetch recent messages
[01/12/18, 10:44:38:207] info: Unloading spellchecker
[01/12/18, 10:44:38:837] info: Unloading spellchecker
[01/12/18, 10:44:38:970] info: Unloading spellchecker
[01/12/18, 10:44:46:563] info: Unloading spellchecker
