[01/12/18, 10:41:07:709] info: ╔════════════════════════════════════════════════════════════════════════════╗
[01/12/18, 10:41:07:710] info: ║      Slack 3.0.2, linux 4.9.75-1-lts on x64 at 01/12/18, 10:41:07:705      ║
[01/12/18, 10:41:07:710] info: ╚════════════════════════════════════════════════════════════════════════════╝
[01/12/18, 10:41:08:166] info: Initializing local storage instance at path: /home/mnkhbmb/.config/Slack/local-settings.json
[01/12/18, 10:41:16:275] info: Store: UPSERT_WEB_CONTENTS
{
  "id": 3,
  "state": "loaded",
  "teamId": "T8MVCNGTA"
}
[01/12/18, 10:41:16:291] info: Store: MAIN_WINDOW_SHOWN
[01/12/18, 10:41:17:219] info: Store: SELECT_CHANNEL C8MVCNMPA
[01/12/18, 10:41:17:222] info: Store: UPDATE_TEAM_LOCALE
{
  "locale": "en-US",
  "teamId": "T8MVCNGTA"
}
[01/12/18, 10:41:17:227] info: Store: UPDATE_SETTINGS
{
  "locale": "en-US"
}
[01/12/18, 10:41:17:314] info: Store: UPDATE_TEAM_THEME
{
  "teamId": "T8MVCNGTA",
  "theme": {
    "active_item": "#4C9689",
    "active_item_text": "#FFFFFF",
    "active_presence": "#38978D",
    "badge": "#EB4D5C",
    "column_bg": "#4D394B",
    "hover_item": "#3E313C",
    "menu_bg": "#3E313C",
    "text_color": "#FFFFFF"
  }
}
[01/12/18, 10:41:17:357] info: Store: SAVE_WINDOW_SETTINGS
{
  "isMaximized": false,
  "position": [
    689,
    36
  ],
  "size": [
    661,
    716
  ]
}
[01/12/18, 10:41:17:434] info: Store: UPDATE_SESSION_STATUS
{
  "hasValidSession": true,
  "teamId": "T8MVCNGTA"
}
[01/12/18, 10:41:18:703] info: Store: UPDATE_TEAM_ICONS
{
  "icons": false,
  "teamId": "T8MVCNGTA"
}
[01/12/18, 10:41:18:785] info: Store: UPDATE_TEAM_LOCALE
{
  "locale": "en-US",
  "teamId": "T8MVCNGTA"
}
[01/12/18, 10:41:18:819] info: Store: UPSERT_WEB_CONTENTS
{
  "id": 3,
  "state": "webapp-loaded",
  "teamId": "T8MVCNGTA"
}
[01/12/18, 10:41:18:907] info: Store: STORE_API_TOKEN
{
  "teamId": "T8MVCNGTA",
  "token": "xoxs-⋯"
}
[01/12/18, 10:41:24:190] info: Store: SELECT_CHANNEL D8NH9B5BM
