[01/20/18, 12:23:22:712] info: ╔════════════════════════════════════════════════════════════════════════════╗
[01/20/18, 12:23:22:713] info: ║      Slack 3.0.2, linux 4.9.76-1-lts on x64 at 01/20/18, 12:23:22:703      ║
[01/20/18, 12:23:22:713] info: ╚════════════════════════════════════════════════════════════════════════════╝
[01/20/18, 12:23:23:110] info: Initializing local storage instance at path: /home/mnkhbmb/.config/Slack/local-settings.json
[01/20/18, 12:23:28:467] info: Store: UPSERT_WEB_CONTENTS
{
  "id": 3,
  "state": "loaded",
  "teamId": "T8MVCNGTA"
}
[01/20/18, 12:23:28:488] info: Store: MAIN_WINDOW_SHOWN
[01/20/18, 12:23:28:915] info: Store: UPDATE_SESSION_STATUS
{
  "hasValidSession": true,
  "teamId": "T8MVCNGTA"
}
[01/20/18, 12:23:29:454] info: Store: SELECT_CHANNEL D8NH9B5BM
[01/20/18, 12:23:29:458] info: Store: UPDATE_TEAM_LOCALE
{
  "locale": "en-US",
  "teamId": "T8MVCNGTA"
}
[01/20/18, 12:23:29:461] info: Store: UPDATE_SETTINGS
{
  "locale": "en-US"
}
[01/20/18, 12:23:29:547] info: Store: UPDATE_TEAM_THEME
{
  "teamId": "T8MVCNGTA",
  "theme": {
    "active_item": "#4C9689",
    "active_item_text": "#FFFFFF",
    "active_presence": "#38978D",
    "badge": "#EB4D5C",
    "column_bg": "#4D394B",
    "hover_item": "#3E313C",
    "menu_bg": "#3E313C",
    "text_color": "#FFFFFF"
  }
}
[01/20/18, 12:23:29:580] info: Store: SAVE_WINDOW_SETTINGS
{
  "isMaximized": false,
  "position": [
    917,
    36
  ],
  "size": [
    433,
    716
  ]
}
[01/20/18, 12:23:30:313] info: Store: UPDATE_TEAM_ICONS
{
  "icons": false,
  "teamId": "T8MVCNGTA"
}
[01/20/18, 12:23:30:413] info: Store: UPDATE_TEAM_LOCALE
{
  "locale": "en-US",
  "teamId": "T8MVCNGTA"
}
[01/20/18, 12:23:30:453] info: Store: UPSERT_WEB_CONTENTS
{
  "id": 3,
  "state": "webapp-loaded",
  "teamId": "T8MVCNGTA"
}
[01/20/18, 12:23:30:569] info: Store: STORE_API_TOKEN
{
  "teamId": "T8MVCNGTA",
  "token": "xoxs-⋯"
}
[01/20/18, 12:23:58:673] info: Store: SAVE_WINDOW_SETTINGS
{
  "isMaximized": false,
  "position": [
    689,
    36
  ],
  "size": [
    661,
    716
  ]
}
[01/20/18, 12:29:46:063] info: Store: UPDATE_TEAM_ICONS
{
  "icons": false,
  "teamId": "T8MVCNGTA"
}
[01/20/18, 12:29:46:154] info: Store: UPDATE_TEAM_LOCALE
{
  "locale": "en-US",
  "teamId": "T8MVCNGTA"
}
[01/20/18, 12:47:14:723] info: Store: SAVE_WINDOW_SETTINGS
{
  "isMaximized": false,
  "position": [
    2129,
    36
  ],
  "size": [
    661,
    716
  ]
}
[01/20/18, 12:49:06:367] info: Store: SAVE_WINDOW_SETTINGS
{
  "isMaximized": false,
  "position": [
    2129,
    16
  ],
  "size": [
    661,
    736
  ]
}
[01/20/18, 12:49:15:799] info: Store: SAVE_WINDOW_SETTINGS
{
  "isMaximized": false,
  "position": [
    1440,
    0
  ],
  "size": [
    1366,
    768
  ]
}
