[01/05/18, 22:14:47:228] info: ╔══════════════════════════════════════════════════════════════════════════════════╗
[01/05/18, 22:14:47:229] info: ║      Slack 3.0.2, linux 4.14.10-1-hardened on x64 at 01/05/18, 22:14:47:225      ║
[01/05/18, 22:14:47:229] info: ╚══════════════════════════════════════════════════════════════════════════════════╝
[01/05/18, 22:14:47:449] info: Initializing local storage instance at path: /home/mnkhbmb/.config/Slack/local-settings.json
[01/05/18, 22:14:47:700] info: TraceRecorder: setting up trace recorder, trace will be stored under /home/mnkhbmb/.config/Slack/logs/recorded-trace
[01/05/18, 22:14:48:011] warn: BrowserStore: Couldn't access keychain, make note of it
[01/05/18, 22:14:48:020] info: Store: persist/REHYDRATE
[01/05/18, 22:14:48:021] info: initializeMainWindowEpic: Waiting for sign-in
[01/05/18, 22:14:48:021] info: NetworkStatus: Waiting for network online…
[01/05/18, 22:14:48:022] info: UpdaterEpics: Updates disabled because
{
  "reasons": [
    "using Linux"
  ]
}
[01/05/18, 22:14:48:052] error: Couldn't get Linux distro info
[01/05/18, 22:14:48:190] info: Tray Handler: Showing a tray balloon with title: Welcome to Slack!
[01/05/18, 22:14:48:195] info: Store: INITIALIZE_SETTINGS
{
  "releaseChannel": "prod",
  "platformVersion": {
    "major": 4,
    "minor": 14,
    "build": 10
  },
  "isTitleBarHidden": false,
  "isDevMode": false,
  "appVersion": "3.0.2",
  "versionName": "Around The World",
  "devEnv": null,
  "resourcePath": "/usr/lib/slack/resources/app.asar",
  "webappSrcPath": null,
  "webappParams": null,
  "launchOnStartup": false,
  "openDevToolsOnStart": false,
  "logFile": null,
  "pretendNotReallyWindows10": false,
  "isAeroGlassEnabled": false,
  "linux": {
    "os": "",
    "release": "",
    "desktopEnvironment": ""
  }
}
[01/05/18, 22:14:48:197] info: AutoLoginEpic: Checking for autologin.
[01/05/18, 22:14:48:197] info: AutoLoginEpic: Completed autologin processing — successfully logged in 0 workspaces.
[01/05/18, 22:14:48:198] info: Store: AUTOLOGIN_TEAMS_COMPLETE
[01/05/18, 22:14:48:198] info: signInNewTeamEpic: No teams signed in, showing sign-in window
[01/05/18, 22:14:48:207] info: SignInEpic: Loading URL in new window
{
  "signInUrl": "https://slack.com/signin"
}
[01/05/18, 22:14:48:218] info: Store: UPDATE_SETTINGS
{
  "hasRunApp": true
}
[01/05/18, 22:14:48:221] info: WebContentsMediator: Attaching to new webContents
[01/05/18, 22:14:48:223] info: Store: ADD_WINDOW
{
  "id": 2,
  "type": "main"
}
[01/05/18, 22:14:48:225] info: BrowserViewManager: Starting initialization
[01/05/18, 22:14:48:226] info: BrowserViewManager: Finished initialization
{
  "elapsed": 1
}
[01/05/18, 22:14:48:228] info: PersistSettingsWindowBehavior: Loading windowMetrics
{
  "settings": null
}
[01/05/18, 22:14:48:230] info: PersistSettingsWindowBehavior: Resetting to default window position
{
  "settings": {
    "position": [
      171,
      0
    ],
    "size": [
      1024,
      768
    ]
  }
}
[01/05/18, 22:14:48:230] info: Store: SAVE_WINDOW_SETTINGS
{
  "position": [
    171,
    0
  ],
  "size": [
    1024,
    768
  ]
}
[01/05/18, 22:14:48:248] info: Store: UPDATE_SETTINGS
{
  "PrefSSBFileDownloadPath": "/home/mnkhbmb/Downloads"
}
[01/05/18, 22:14:48:250] info: DownloadListener: Downloads directory set to /home/mnkhbmb/Downloads
[01/05/18, 22:14:48:251] info: Application: Setting main window ID
{
  "id": 2
}
[01/05/18, 22:14:48:253] info: App: Welcome to Slack 3.0.2 x64
[01/05/18, 22:14:48:253] info: App load time: 1207ms
[01/05/18, 22:14:48:393] info: Store: SET_FULL_SCREEN
[01/05/18, 22:14:48:592] info: NetworkStatus: Response from api.test
{
  "status": "online"
}
[01/05/18, 22:14:48:592] info: Store: SET_NETWORK_STATUS online
[01/05/18, 22:15:57:945] info: SignInEpic: Sign-in window closed
[01/05/18, 22:15:57:946] info: maybeQuitAppAction
{
  "canceledSignIn": true,
  "hasNoTeams": true
}
[01/05/18, 22:15:57:946] info: SignInEpic: End of the road
{
  "action": "QUIT_APP"
}
[01/05/18, 22:15:57:946] info: Store: QUIT_APP
[01/05/18, 22:15:58:103] info: Allowing window close because user chose to quit
[01/05/18, 22:15:58:104] info: App: Disposing application
[01/05/18, 22:15:58:105] info: Store: REMOVE_WINDOW 2
[01/05/18, 22:15:58:115] info: Store: QUIT_APP
[01/05/18, 22:16:00:109] info: ╔══════════════════════════════════════════════════════════════════════════════════╗
[01/05/18, 22:16:00:110] info: ║      Slack 3.0.2, linux 4.14.10-1-hardened on x64 at 01/05/18, 22:16:00:107      ║
[01/05/18, 22:16:00:110] info: ╚══════════════════════════════════════════════════════════════════════════════════╝
[01/05/18, 22:16:00:309] info: Initializing local storage instance at path: /home/mnkhbmb/.config/Slack/local-settings.json
[01/05/18, 22:16:00:539] info: TraceRecorder: setting up trace recorder, trace will be stored under /home/mnkhbmb/.config/Slack/logs/recorded-trace
[01/05/18, 22:16:00:791] info: BrowserStore: Keychain access previously denied, don't ask again
[01/05/18, 22:16:00:801] info: Store: persist/REHYDRATE
{
  "appTeams": {
    "selectedTeamId": null,
    "teamsByIndex": [],
    "teamsToSignOut": []
  },
  "dialog": "[REDACTED]",
  "downloads": "[REDACTED]",
  "settings": {
    "appVersion": "3.0.2",
    "versionName": "Around The World",
    "platform": "linux",
    "platformVersion": {
      "major": 4,
      "minor": 14,
      "build": 10
    },
    "isWin10": false,
    "isBeforeWin10": false,
    "resourcePath": "/usr/lib/slack/resources/app.asar",
    "webappSrcPath": null,
    "webappParams": null,
    "isDevMode": false,
    "devEnv": null,
    "logFile": null,
    "openDevToolsOnStart": false,
    "pretendNotReallyWindows10": false,
    "releaseChannel": "prod",
    "autoHideMenuBar": false,
    "isTitleBarHidden": false,
    "hasRunApp": true,
    "hasRunFromTray": false,
    "reportIssueOnStartup": false,
    "runFromTray": true,
    "launchOnStartup": false,
    "spellcheckerLanguage": null,
    "zoomLevel": 0,
    "workspaceIdleTimeout": 21600000,
    "whitelistedUrlSchemes": [
      "http:",
      "https:",
      "mailto:",
      "skype:",
      "spotify:",
      "live:",
      "callto:",
      "tel:",
      "im:",
      "sip:",
      "sips:",
      "slack:"
    ],
    "isTitleBarForcedByUser": false,
    "PrefSSBFileDownloadPath": "/home/mnkhbmb/Downloads",
    "notificationMethod": null,
    "notificationPlayback": null,
    "notifyPosition": {
      "corner": "bottom_right",
      "display": "same_as_app"
    },
    "locale": "en-US",
    "useHwAcceleration": true,
    "os": false,
    "release": false,
    "desktopEnvironment": false,
    "isAeroGlassEnabled": false,
    "linux": {
      "os": "",
      "release": "",
      "desktopEnvironment": ""
    }
  },
  "teams": "[REDACTED]",
  "unreads": {},
  "windowFrame": {
    "windowSettings": {
      "position": [
        171,
        0
      ],
      "size": [
        1024,
        768
      ]
    },
    "isFullScreen": false
  }
}
[01/05/18, 22:16:00:803] info: initializeMainWindowEpic: Waiting for sign-in
[01/05/18, 22:16:00:803] info: NetworkStatus: Waiting for network online…
[01/05/18, 22:16:00:804] info: UpdaterEpics: Updates disabled because
{
  "reasons": [
    "using Linux"
  ]
}
[01/05/18, 22:16:00:833] error: Couldn't get Linux distro info
[01/05/18, 22:16:00:927] info: Store: INITIALIZE_SETTINGS
{
  "releaseChannel": "prod",
  "platformVersion": {
    "major": 4,
    "minor": 14,
    "build": 10
  },
  "isTitleBarHidden": false,
  "isDevMode": false,
  "appVersion": "3.0.2",
  "versionName": "Around The World",
  "devEnv": null,
  "resourcePath": "/usr/lib/slack/resources/app.asar",
  "webappSrcPath": null,
  "webappParams": null,
  "launchOnStartup": false,
  "openDevToolsOnStart": false,
  "logFile": null,
  "pretendNotReallyWindows10": false,
  "isAeroGlassEnabled": false,
  "linux": {
    "os": "",
    "release": "",
    "desktopEnvironment": ""
  }
}
[01/05/18, 22:16:00:928] info: AutoLoginEpic: Checking for autologin.
[01/05/18, 22:16:00:929] info: AutoLoginEpic: Completed autologin processing — successfully logged in 0 workspaces.
[01/05/18, 22:16:00:929] info: Store: AUTOLOGIN_TEAMS_COMPLETE
[01/05/18, 22:16:00:929] info: signInNewTeamEpic: No teams signed in, showing sign-in window
[01/05/18, 22:16:00:940] info: SignInEpic: Loading URL in new window
{
  "signInUrl": "https://slack.com/signin"
}
[01/05/18, 22:16:00:947] info: WebContentsMediator: Attaching to new webContents
[01/05/18, 22:16:00:949] info: Store: ADD_WINDOW
{
  "id": 2,
  "type": "main"
}
[01/05/18, 22:16:00:952] info: BrowserViewManager: Starting initialization
[01/05/18, 22:16:00:953] info: BrowserViewManager: Finished initialization
{
  "elapsed": 1
}
[01/05/18, 22:16:00:955] info: PersistSettingsWindowBehavior: Loading windowMetrics
{
  "settings": {
    "position": [
      171,
      0
    ],
    "size": [
      1024,
      768
    ]
  }
}
[01/05/18, 22:16:00:970] info: Application: Setting main window ID
{
  "id": 2
}
[01/05/18, 22:16:00:973] info: App: Welcome to Slack 3.0.2 x64
[01/05/18, 22:16:00:973] info: App load time: 1037ms
[01/05/18, 22:16:01:091] info: Store: SET_FULL_SCREEN
[01/05/18, 22:16:01:473] info: NetworkStatus: Response from api.test
{
  "status": "online"
}
[01/05/18, 22:16:01:474] info: Store: SET_NETWORK_STATUS online
[01/05/18, 22:20:18:879] info: Store: FOREGROUND_APP
[01/05/18, 22:20:21:582] info: Store: FOREGROUND_APP
[01/05/18, 22:20:21:973] info: Store: FOREGROUND_APP
[01/05/18, 22:20:23:465] info: Store: SHOW_WEBAPP_DIALOG
{
  "dialogType": "prefs"
}
[01/05/18, 22:20:23:471] error: executeJavaScript: Invalid arguments!
{
  "id": null,
  "code": "TSSSB.openDialog(\"prefs\")"
}
[01/05/18, 23:55:00:151] info: SignInEpic: Sign-in window closed
[01/05/18, 23:55:00:152] info: maybeQuitAppAction
{
  "canceledSignIn": true,
  "hasNoTeams": true
}
[01/05/18, 23:55:00:152] info: SignInEpic: End of the road
{
  "action": "QUIT_APP"
}
[01/05/18, 23:55:00:152] info: Store: QUIT_APP
[01/05/18, 23:55:00:343] info: Allowing window close because user chose to quit
[01/05/18, 23:55:00:345] info: App: Disposing application
[01/05/18, 23:55:00:345] info: Store: REMOVE_WINDOW 2
[01/05/18, 23:55:00:358] info: Store: QUIT_APP
